#
# A fatal error has been detected by the Java Runtime Environment:
#
#  SIGSEGV (0xb) at pc=0x00007f229905b17a, pid=15429, tid=139786502428416
#
# JRE version: Java(TM) SE Runtime Environment (7.0_80-b15) (build 1.7.0_80-b15)
# Java VM: Java HotSpot(TM) 64-Bit Server VM (24.80-b11 mixed mode linux-amd64 compressed oops)
# Problematic frame:
# v  ~BufferBlob::jni_fast_GetLongField
#
# Failed to write core dump. Core dumps have been disabled. To enable core dumping, try "ulimit -c unlimited" before starting Java again
#
# If you would like to submit a bug report, please visit:
#   http://bugreport.java.com/bugreport/crash.jsp
# The crash happened outside the Java Virtual Machine in native code.
# See problematic frame for where to report the bug.
#

---------------  T H R E A D  ---------------

Current thread (0x00007f229c166000):  JavaThread "AWT-XAWT" daemon [_thread_in_native, id=15446, stack(0x00007f2294c25000,0x00007f2294d26000)]

siginfo:si_signo=SIGSEGV: si_errno=0, si_code=1 (SEGV_MAPERR), si_addr=0x0000000000000000

Registers:
RAX=0x00007f22a25ed2c0, RBX=0x00000000dcfb64d8, RCX=0x00007f22a30452c0, RDX=0x0000000000000042
RSP=0x00007f2294d24578, RBP=0x00007f2294d245a0, RSI=0x0000000000000000, RDI=0x00007f229c1661e8
R8 =0x0000000040000000, R9 =0x0000000000000000, R10=0x0000000000000012, R11=0x00007f22a2086940
R12=0x00007f229c1661e8, R13=0x0000000000000000, R14=0x00007f2296622fe0, R15=0x00007f229c166000
RIP=0x00007f229905b17a, EFLAGS=0x0000000000010246, CSGSFS=0x0000000000000033, ERR=0x0000000000000004
  TRAPNO=0x000000000000000e

Top of Stack: (sp=0x00007f2294d24578)
0x00007f2294d24578:   00007f22963ed851 00000000dcfb64d8
0x00007f2294d24588:   00007f225800a4e0 00000000dcfb64d8
0x00007f2294d24598:   00007f2294d24688 0000000000000000
0x00007f2294d245a8:   00007f2295ee73c0 00000000dcfb64d8
0x00007f2294d245b8:   00007f2294d245e0 0000000000000000
0x00007f2294d245c8:   00007f2295edef93 00000000dcfb64d8
0x00007f2294d245d8:   00007f22963e36df 00007f2294d24650
0x00007f2294d245e8:   00007f22990127f8 00000000dcefd580
0x00007f2294d245f8:   0000000000000000 00007f2294d24620
0x00007f2294d24608:   00007f2294d24670 00007f2294d24610
0x00007f2294d24618:   0000000000000000 00007f2294d24688
0x00007f2294d24628:   00000000dcfbc5a8 0000000000000000
0x00007f2294d24638:   00000000dcfb64d8 0000000000000000
0x00007f2294d24648:   00007f2294d24670 00007f2294d246d0
0x00007f2294d24658:   00007f2299006350 00000000e1e1dc28
0x00007f2294d24668:   00007f229900ecc0 0000000000000000
0x00007f2294d24678:   00007f2294d246d0 00007f2260002e20
0x00007f2294d24688:   00000000e1f7d2e0 00007f2294d24690
0x00007f2294d24698:   00000000dd0cbd8c 00007f2294d24718
0x00007f2294d246a8:   00000000dd0d75e0 0000000000000000
0x00007f2294d246b8:   00000000dd0cbec0 00007f2294d24670
0x00007f2294d246c8:   00007f2294d24710 00007f2294d24760
0x00007f2294d246d8:   00007f2299006058 0000000000000000
0x00007f2294d246e8:   00000000f67a65f8 0000000000000000
0x00007f2294d246f8:   0000000000000000 0000000000000000
0x00007f2294d24708:   00000000e1f7d2e0 0000000000000000
0x00007f2294d24718:   00000000f685b0a0 00007f2294d24720
0x00007f2294d24728:   00000000dd0cbb95 00007f2294d24770
0x00007f2294d24738:   00000000dd0d75e0 0000000000000000
0x00007f2294d24748:   00000000dd0cbba0 00007f2294d24710
0x00007f2294d24758:   00007f2294d24770 00007f2294d247b8
0x00007f2294d24768:   00007f2299006706 00000000f685b0a0 

Instructions: (pc=0x00007f229905b17a)
0x00007f229905b15a:   00 00 00 00 00 00 44 8b 15 81 5c 5c 09 4c 8b ce
0x00007f229905b16a:   41 f6 c2 01 0f 85 2e 00 00 00 4d 33 ca 4d 33 ca
0x00007f229905b17a:   4d 8b 09 4c 8b da 49 c1 eb 02 4b 8b 04 19 49 bb
0x00007f229905b18a:   e8 0d 62 a2 22 7f 00 00 4c 33 d8 4c 33 d8 45 3b 

Register to memory mapping:

RAX=0x00007f22a25ed2c0: <offset 0xe1c2c0> in /usr/lib/jvm/java-7-oracle/jre/lib/amd64/server/libjvm.so at 0x00007f22a17d1000
RBX=0x00000000dcfb64d8 is an oop
{method} 
 - klass: {other class}
RCX=0x00007f22a30452c0: <offset 0x2182c0> in /lib/x86_64-linux-gnu/libpthread.so.0 at 0x00007f22a2e2d000
RDX=0x0000000000000042 is an unknown value
RSP=0x00007f2294d24578 is pointing into the stack for thread: 0x00007f229c166000
RBP=0x00007f2294d245a0 is pointing into the stack for thread: 0x00007f229c166000
RSI=0x0000000000000000 is an unknown value
RDI=0x00007f229c1661e8 is an unknown value
R8 =0x0000000040000000 is an unknown value
R9 =0x0000000000000000 is an unknown value
R10=0x0000000000000012 is an unknown value
R11=0x00007f22a2086940: <offset 0x8b5940> in /usr/lib/jvm/java-7-oracle/jre/lib/amd64/server/libjvm.so at 0x00007f22a17d1000
R12=0x00007f229c1661e8 is an unknown value
R13=0x0000000000000000 is an unknown value
R14=0x00007f2296622fe0: <offset 0x253fe0> in /usr/lib/jvm/java-7-oracle/jre/lib/amd64/xawt/libmawt.so at 0x00007f22963cf000
R15=0x00007f229c166000 is a thread


Stack: [0x00007f2294c25000,0x00007f2294d26000],  sp=0x00007f2294d24578,  free space=1021k
Native frames: (J=compiled Java code, j=interpreted, Vv=VM code, C=native code)
v  ~BufferBlob::jni_fast_GetLongField

Java frames: (J=compiled Java code, j=interpreted, Vv=VM code)
j  sun.awt.X11.XlibWrapper.XFilterEvent(JJ)Z+0
j  sun.awt.X11.XToolkit.run(Z)V+300
j  sun.awt.X11.XToolkit.run()V+5
j  java.lang.Thread.run()V+11
v  ~StubRoutines::call_stub

---------------  P R O C E S S  ---------------

Java Threads: ( => current thread )
  0x00007f228c006800 JavaThread "Thread-2" [_thread_in_native, id=15604, stack(0x00007f224aee7000,0x00007f224afe8000)]
  0x00007f228c002800 JavaThread "Thread-1" [_thread_in_native, id=15602, stack(0x00007f224b0e9000,0x00007f224b1ea000)]
  0x00007f228c001000 JavaThread "XToolkt-Shutdown-Thread" [_thread_in_native, id=15601, stack(0x00007f224b1ea000,0x00007f224b2eb000)]
  0x00007f2278001000 JavaThread "SIGHUP handler" daemon [_thread_blocked, id=15600, stack(0x00007f224b2eb000,0x00007f224b3ec000)]
  0x00007f225895c800 JavaThread "Thread-4" daemon [_thread_blocked, id=15475, stack(0x00007f22564a8000,0x00007f22565a9000)]
  0x00007f225894f000 JavaThread "Java Sound Event Dispatcher" daemon [_thread_blocked, id=15471, stack(0x00007f22565a9000,0x00007f22566aa000)]
  0x00007f22580bb000 JavaThread "process reaper" daemon [_thread_blocked, id=15460, stack(0x00007f2294001000,0x00007f229403a000)]
  0x00007f225800e800 JavaThread "TimerQueue" daemon [_thread_blocked, id=15458, stack(0x00007f229403a000,0x00007f229413b000)]
  0x00007f229c00a000 JavaThread "DestroyJavaVM" [_thread_blocked, id=15434, stack(0x00007f22a3153000,0x00007f22a3254000)]
  0x00007f2260005800 JavaThread "AWT-EventQueue-0" [_thread_blocked, id=15448, stack(0x00007f229413b000,0x00007f229423c000)]
  0x00007f229c1af000 JavaThread "AWT-Shutdown" [_thread_blocked, id=15447, stack(0x00007f2294b24000,0x00007f2294c25000)]
=>0x00007f229c166000 JavaThread "AWT-XAWT" daemon [_thread_in_native, id=15446, stack(0x00007f2294c25000,0x00007f2294d26000)]
  0x00007f229c149000 JavaThread "Java2D Disposer" daemon [_thread_blocked, id=15445, stack(0x00007f2295136000,0x00007f2295237000)]
  0x00007f229c093800 JavaThread "Service Thread" daemon [_thread_blocked, id=15443, stack(0x00007f22969f7000,0x00007f2296af8000)]
  0x00007f229c091000 JavaThread "C2 CompilerThread1" daemon [_thread_blocked, id=15442, stack(0x00007f2296af8000,0x00007f2296bf9000)]
  0x00007f229c08e000 JavaThread "C2 CompilerThread0" daemon [_thread_blocked, id=15441, stack(0x00007f2296bf9000,0x00007f2296cfa000)]
  0x00007f229c08c000 JavaThread "Signal Dispatcher" daemon [_thread_blocked, id=15440, stack(0x00007f2296cfa000,0x00007f2296dfb000)]
  0x00007f229c06b800 JavaThread "Finalizer" daemon [_thread_blocked, id=15439, stack(0x00007f2296dfb000,0x00007f2296efc000)]
  0x00007f229c069800 JavaThread "Reference Handler" daemon [_thread_blocked, id=15438, stack(0x00007f2296efc000,0x00007f2296ffd000)]

Other Threads:
  0x00007f229c065000 VMThread [stack: 0x00007f2296ffd000,0x00007f22970fe000] [id=15437]
  0x00007f229c09e000 WatcherThread [stack: 0x00007f22968f6000,0x00007f22969f7000] [id=15444]

VM state:not at safepoint (normal execution)

VM Mutex/Monitor currently owned by a thread: None

Heap
 PSYoungGen      total 9216K, used 2744K [0x00000000f5f00000, 0x00000000f6900000, 0x0000000100000000)
  eden space 8192K, 21% used [0x00000000f5f00000,0x00000000f60b1820,0x00000000f6700000)
  from space 1024K, 98% used [0x00000000f6800000,0x00000000f68fc820,0x00000000f6900000)
  to   space 1024K, 0% used [0x00000000f6700000,0x00000000f6700000,0x00000000f6800000)
 ParOldGen       total 20480K, used 2467K [0x00000000e1e00000, 0x00000000e3200000, 0x00000000f5f00000)
  object space 20480K, 12% used [0x00000000e1e00000,0x00000000e2068f18,0x00000000e3200000)
 PSPermGen       total 21504K, used 15282K [0x00000000dcc00000, 0x00000000de100000, 0x00000000e1e00000)
  object space 21504K, 71% used [0x00000000dcc00000,0x00000000ddaec918,0x00000000de100000)

Card table byte_map: [0x00007f22a0314000,0x00007f22a042f000] byte_map_base: 0x00007f229fc2e000

Polling page: 0x00007f22a326c000

Code Cache  [0x00007f2299000000, 0x00007f2299270000, 0x00007f229c000000)
 total_blobs=706 nmethods=105 adapters=555 free_code_cache=48386Kb largest_free_block=49525888

Compilation events (10 events):
Event: 19.385 Thread 0x00007f229c08e000  100             java.util.concurrent.atomic.AtomicBoolean::get (13 bytes)
Event: 19.386 Thread 0x00007f229c08e000 nmethod 100 0x00007f22990bf850 code [0x00007f22990bf980, 0x00007f22990bf9f8]
Event: 19.390 Thread 0x00007f229c091000  101   !         com.sun.media.sound.DirectAudioDevice$DirectDL::write (344 bytes)
Event: 19.391 Thread 0x00007f229c08e000  102             com.sun.media.sound.AbstractDataLine::isActive (5 bytes)
Event: 19.392 Thread 0x00007f229c08e000 nmethod 102 0x00007f22990bf250 code [0x00007f22990bf380, 0x00007f22990bf3d8]
Event: 19.392 Thread 0x00007f229c08e000  103             com.sun.media.sound.DirectAudioDevice::access$1800 (15 bytes)
Event: 19.392 Thread 0x00007f229c08e000 nmethod 103 0x00007f22990bf010 code [0x00007f22990bf160, 0x00007f22990bf1c8]
Event: 19.404 Thread 0x00007f229c091000 nmethod 101 0x00007f22990c0c50 code [0x00007f22990c0de0, 0x00007f22990c1488]
Event: 38.742 Thread 0x00007f229c08e000  105             java.util.concurrent.locks.AbstractQueuedSynchronizer::getState (5 bytes)
Event: 38.828 Thread 0x00007f229c08e000 nmethod 105 0x00007f22990bee10 code [0x00007f22990bef40, 0x00007f22990bef98]

GC Heap History (4 events):
Event: 3.784 GC heap before
{Heap before GC invocations=1 (full 0):
 PSYoungGen      total 9216K, used 8192K [0x00000000f5f00000, 0x00000000f6900000, 0x0000000100000000)
  eden space 8192K, 100% used [0x00000000f5f00000,0x00000000f6700000,0x00000000f6700000)
  from space 1024K, 0% used [0x00000000f6800000,0x00000000f6800000,0x00000000f6900000)
  to   space 1024K, 0% used [0x00000000f6700000,0x00000000f6700000,0x00000000f6800000)
 ParOldGen       total 20480K, used 0K [0x00000000e1e00000, 0x00000000e3200000, 0x00000000f5f00000)
  object space 20480K, 0% used [0x00000000e1e00000,0x00000000e1e00000,0x00000000e3200000)
 PSPermGen       total 21504K, used 12674K [0x00000000dcc00000, 0x00000000de100000, 0x00000000e1e00000)
  object space 21504K, 58% used [0x00000000dcc00000,0x00000000dd860878,0x00000000de100000)
Event: 3.801 GC heap after
Heap after GC invocations=1 (full 0):
 PSYoungGen      total 9216K, used 1010K [0x00000000f5f00000, 0x00000000f6900000, 0x0000000100000000)
  eden space 8192K, 0% used [0x00000000f5f00000,0x00000000f5f00000,0x00000000f6700000)
  from space 1024K, 98% used [0x00000000f6700000,0x00000000f67fc840,0x00000000f6800000)
  to   space 1024K, 0% used [0x00000000f6800000,0x00000000f6800000,0x00000000f6900000)
 ParOldGen       total 20480K, used 1341K [0x00000000e1e00000, 0x00000000e3200000, 0x00000000f5f00000)
  object space 20480K, 6% used [0x00000000e1e00000,0x00000000e1f4f4b8,0x00000000e3200000)
 PSPermGen       total 21504K, used 12674K [0x00000000dcc00000, 0x00000000de100000, 0x00000000e1e00000)
  object space 21504K, 58% used [0x00000000dcc00000,0x00000000dd860878,0x00000000de100000)
}
Event: 5.045 GC heap before
{Heap before GC invocations=2 (full 0):
 PSYoungGen      total 9216K, used 9202K [0x00000000f5f00000, 0x00000000f6900000, 0x0000000100000000)
  eden space 8192K, 100% used [0x00000000f5f00000,0x00000000f6700000,0x00000000f6700000)
  from space 1024K, 98% used [0x00000000f6700000,0x00000000f67fc840,0x00000000f6800000)
  to   space 1024K, 0% used [0x00000000f6800000,0x00000000f6800000,0x00000000f6900000)
 ParOldGen       total 20480K, used 1341K [0x00000000e1e00000, 0x00000000e3200000, 0x00000000f5f00000)
  object space 20480K, 6% used [0x00000000e1e00000,0x00000000e1f4f4b8,0x00000000e3200000)
 PSPermGen       total 21504K, used 15042K [0x00000000dcc00000, 0x00000000de100000, 0x00000000e1e00000)
  object space 21504K, 69% used [0x00000000dcc00000,0x00000000ddab0b90,0x00000000de100000)
Event: 5.056 GC heap after
Heap after GC invocations=2 (full 0):
 PSYoungGen      total 9216K, used 1010K [0x00000000f5f00000, 0x00000000f6900000, 0x0000000100000000)
  eden space 8192K, 0% used [0x00000000f5f00000,0x00000000f5f00000,0x00000000f6700000)
  from space 1024K, 98% used [0x00000000f6800000,0x00000000f68fc820,0x00000000f6900000)
  to   space 1024K, 0% used [0x00000000f6700000,0x00000000f6700000,0x00000000f6800000)
 ParOldGen       total 20480K, used 2467K [0x00000000e1e00000, 0x00000000e3200000, 0x00000000f5f00000)
  object space 20480K, 12% used [0x00000000e1e00000,0x00000000e2068f18,0x00000000e3200000)
 PSPermGen       total 21504K, used 15042K [0x00000000dcc00000, 0x00000000de100000, 0x00000000e1e00000)
  object space 21504K, 69% used [0x00000000dcc00000,0x00000000ddab0b90,0x00000000de100000)
}

Deoptimization events (10 events):
Event: 3.325 Thread 0x00007f2260005800 Uncommon trap: reason=class_check action=maybe_recompile pc=0x00007f22990848dc method=java.util.Properties$LineReader.readLine()I @ 62
Event: 3.326 Thread 0x00007f2260005800 Uncommon trap: reason=unstable_if action=reinterpret pc=0x00007f2299084490 method=java.util.Properties$LineReader.readLine()I @ 315
Event: 3.328 Thread 0x00007f2260005800 Uncommon trap: reason=class_check action=maybe_recompile pc=0x00007f2299081aac method=java.util.Properties$LineReader.readLine()I @ 62
Event: 3.328 Thread 0x00007f2260005800 Uncommon trap: reason=class_check action=maybe_recompile pc=0x00007f2299081ac8 method=java.util.Properties$LineReader.readLine()I @ 402
Event: 3.389 Thread 0x00007f2260005800 Uncommon trap: reason=unstable_if action=reinterpret pc=0x00007f2299091778 method=java.util.Properties.load0(Ljava/util/Properties$LineReader;)V @ 161
Event: 3.390 Thread 0x00007f2260005800 Uncommon trap: reason=class_check action=maybe_recompile pc=0x00007f2299081ac8 method=java.util.Properties$LineReader.readLine()I @ 402
Event: 4.794 Thread 0x00007f2260005800 Uncommon trap: reason=unloaded action=reinterpret pc=0x00007f22990b5264 method=org.plexian.grumy.opengl.Texture.loadTexture(Ljava/lang/String;)Lorg/plexian/grumy/opengl/Texture; @ 221
Event: 4.927 Thread 0x00007f2260005800 Uncommon trap: reason=unstable_if action=reinterpret pc=0x00007f22990b07d0 method=javax.sound.sampled.AudioFormat.matches(Ljavax/sound/sampled/AudioFormat;)Z @ 112
Event: 4.934 Thread 0x00007f2260005800 Uncommon trap: reason=unstable_if action=reinterpret pc=0x00007f22990b8e6c method=javax.sound.sampled.AudioFormat.matches(Ljavax/sound/sampled/AudioFormat;)Z @ 112
Event: 4.943 Thread 0x00007f2260005800 Uncommon trap: reason=unstable_if action=reinterpret pc=0x00007f22990afc18 method=javax.sound.sampled.AudioFormat.matches(Ljavax/sound/sampled/AudioFormat;)Z @ 121

Internal exceptions (10 events):
Event: 5.019 Thread 0x00007f2260005800 Threw 0x00000000f66ea1a8 at /HUDSON/workspace/7u-2-build-linux-amd64/jdk7u80/2329/hotspot/src/share/vm/prims/jvm.cpp:1319
Event: 5.021 Thread 0x00007f2260005800 Threw 0x00000000f66ec5e0 at /HUDSON/workspace/7u-2-build-linux-amd64/jdk7u80/2329/hotspot/src/share/vm/prims/jvm.cpp:1319
Event: 5.169 Thread 0x00007f2260005800 Threw 0x00000000f5f8b038 at /HUDSON/workspace/7u-2-build-linux-amd64/jdk7u80/2329/hotspot/src/share/vm/prims/jvm.cpp:1319
Event: 5.174 Thread 0x00007f2260005800 Threw 0x00000000f5f8c878 at /HUDSON/workspace/7u-2-build-linux-amd64/jdk7u80/2329/hotspot/src/share/vm/prims/jvm.cpp:1319
Event: 5.175 Thread 0x00007f2260005800 Threw 0x00000000f5f8eb90 at /HUDSON/workspace/7u-2-build-linux-amd64/jdk7u80/2329/hotspot/src/share/vm/prims/jvm.cpp:1319
Event: 5.188 Thread 0x00007f2260005800 Threw 0x00000000f5f95e90 at /HUDSON/workspace/7u-2-build-linux-amd64/jdk7u80/2329/hotspot/src/share/vm/prims/jvm.cpp:1319
Event: 5.190 Thread 0x00007f2260005800 Threw 0x00000000f5f99488 at /HUDSON/workspace/7u-2-build-linux-amd64/jdk7u80/2329/hotspot/src/share/vm/prims/jvm.cpp:1319
Event: 5.441 Thread 0x00007f2260005800 Threw 0x00000000f5fadd18 at /HUDSON/workspace/7u-2-build-linux-amd64/jdk7u80/2329/hotspot/src/share/vm/prims/jvm.cpp:1319
Event: 5.953 Thread 0x00007f2260005800 Threw 0x00000000f5fd86e8 at /HUDSON/workspace/7u-2-build-linux-amd64/jdk7u80/2329/hotspot/src/share/vm/prims/jvm.cpp:1319
Event: 5.970 Thread 0x00007f2260005800 Threw 0x00000000f6027ea8 at /HUDSON/workspace/7u-2-build-linux-amd64/jdk7u80/2329/hotspot/src/share/vm/interpreter/linkResolver.cpp:978

Events (10 events):
Event: 39.080 loading class 0x00007f229c00f630 done
Event: 39.197 loading class 0x00007f227c041a70
Event: 39.199 loading class 0x00007f227c041a70 done
Event: 39.377 loading class 0x00007f2297d32a50
Event: 39.427 loading class 0x00007f2297d32a50 done
Event: 39.435 Thread 0x00007f2278001000 Thread added: 0x00007f2278001000
Event: 39.436 Thread 0x00007f228c001000 Thread added: 0x00007f228c001000
Event: 39.436 loading class 0x00007f227c03c8c0
Event: 39.436 Thread 0x00007f228c002800 Thread added: 0x00007f228c002800
Event: 39.436 Thread 0x00007f228c004800 Thread added: 0x00007f228c004800


Dynamic libraries:
00400000-00401000 r-xp 00000000 b3:01 409708                             /usr/lib/jvm/java-7-oracle/bin/java
00600000-00601000 rw-p 00000000 b3:01 409708                             /usr/lib/jvm/java-7-oracle/bin/java
02430000-02451000 rw-p 00000000 00:00 0                                  [heap]
dcc00000-de100000 rw-p 00000000 00:00 0 
de100000-e1e00000 rw-p 00000000 00:00 0 
e1e00000-e3200000 rw-p 00000000 00:00 0 
e3200000-f5f00000 rw-p 00000000 00:00 0 
f5f00000-f6900000 rw-p 00000000 00:00 0 
f6900000-100000000 rw-p 00000000 00:00 0 
7f224aee7000-7f224aeea000 ---p 00000000 00:00 0 
7f224aeea000-7f224afe8000 rw-p 00000000 00:00 0                          [stack:15604]
7f224afe8000-7f224afeb000 ---p 00000000 00:00 0 
7f224afeb000-7f224b0e9000 rw-p 00000000 00:00 0 
7f224b0e9000-7f224b0ec000 ---p 00000000 00:00 0 
7f224b0ec000-7f224b1ea000 rw-p 00000000 00:00 0                          [stack:15602]
7f224b1ea000-7f224b1ed000 ---p 00000000 00:00 0 
7f224b1ed000-7f224b2eb000 rw-p 00000000 00:00 0                          [stack:15601]
7f224b2eb000-7f224b2ee000 ---p 00000000 00:00 0 
7f224b2ee000-7f224b3ec000 rw-p 00000000 00:00 0                          [stack:15600]
7f224b3ec000-7f224f3ed000 rw-s 00000000 00:0f 134374                     /dev/shm/pulse-shm-1509724186
7f224f3ed000-7f224f3ee000 ---p 00000000 00:00 0 
7f224f3ee000-7f224fbee000 rw-p 00000000 00:00 0                          [stack:15472]
7f224fbee000-7f2253bef000 rw-s 00000000 00:0f 221202                     /dev/shm/pulse-shm-2020044773
7f2253bef000-7f2253bf5000 r-xp 00000000 b3:01 551562                     /usr/lib/x86_64-linux-gnu/alsa-lib/libasound_module_pcm_pulse.so
7f2253bf5000-7f2253df4000 ---p 00006000 b3:01 551562                     /usr/lib/x86_64-linux-gnu/alsa-lib/libasound_module_pcm_pulse.so
7f2253df4000-7f2253df5000 r--p 00005000 b3:01 551562                     /usr/lib/x86_64-linux-gnu/alsa-lib/libasound_module_pcm_pulse.so
7f2253df5000-7f2253df6000 rw-p 00006000 b3:01 551562                     /usr/lib/x86_64-linux-gnu/alsa-lib/libasound_module_pcm_pulse.so
7f2253df6000-7f2253e20000 r-xp 00000000 b3:01 547829                     /usr/lib/x86_64-linux-gnu/libvorbis.so.0.4.8
7f2253e20000-7f2254020000 ---p 0002a000 b3:01 547829                     /usr/lib/x86_64-linux-gnu/libvorbis.so.0.4.8
7f2254020000-7f2254021000 r--p 0002a000 b3:01 547829                     /usr/lib/x86_64-linux-gnu/libvorbis.so.0.4.8
7f2254021000-7f2254022000 rw-p 0002b000 b3:01 547829                     /usr/lib/x86_64-linux-gnu/libvorbis.so.0.4.8
7f2254022000-7f2254029000 r-xp 00000000 b3:01 547439                     /usr/lib/x86_64-linux-gnu/libogg.so.0.8.2
7f2254029000-7f2254229000 ---p 00007000 b3:01 547439                     /usr/lib/x86_64-linux-gnu/libogg.so.0.8.2
7f2254229000-7f225422a000 r--p 00007000 b3:01 547439                     /usr/lib/x86_64-linux-gnu/libogg.so.0.8.2
7f225422a000-7f225422b000 rw-p 00008000 b3:01 547439                     /usr/lib/x86_64-linux-gnu/libogg.so.0.8.2
7f225422b000-7f225423d000 r-xp 00000000 b3:01 522719                     /lib/x86_64-linux-gnu/libgpg-error.so.0.17.0
7f225423d000-7f225443d000 ---p 00012000 b3:01 522719                     /lib/x86_64-linux-gnu/libgpg-error.so.0.17.0
7f225443d000-7f225443e000 r--p 00012000 b3:01 522719                     /lib/x86_64-linux-gnu/libgpg-error.so.0.17.0
7f225443e000-7f225443f000 rw-p 00013000 b3:01 522719                     /lib/x86_64-linux-gnu/libgpg-error.so.0.17.0
7f225443f000-7f22544ad000 r-xp 00000000 b3:01 521212                     /lib/x86_64-linux-gnu/libpcre.so.3.13.2
7f22544ad000-7f22546ad000 ---p 0006e000 b3:01 521212                     /lib/x86_64-linux-gnu/libpcre.so.3.13.2
7f22546ad000-7f22546ae000 r--p 0006e000 b3:01 521212                     /lib/x86_64-linux-gnu/libpcre.so.3.13.2
7f22546ae000-7f22546af000 rw-p 0006f000 b3:01 521212                     /lib/x86_64-linux-gnu/libpcre.so.3.13.2
7f22546af000-7f22546c6000 r-xp 00000000 b3:01 581767                     /lib/x86_64-linux-gnu/libresolv-2.23.so
7f22546c6000-7f22548c6000 ---p 00017000 b3:01 581767                     /lib/x86_64-linux-gnu/libresolv-2.23.so
7f22548c6000-7f22548c7000 r--p 00017000 b3:01 581767                     /lib/x86_64-linux-gnu/libresolv-2.23.so
7f22548c7000-7f22548c8000 rw-p 00018000 b3:01 581767                     /lib/x86_64-linux-gnu/libresolv-2.23.so
7f22548c8000-7f22548ca000 rw-p 00000000 00:00 0 
7f22548ca000-7f2254957000 r-xp 00000000 b3:01 550827                     /usr/lib/x86_64-linux-gnu/libvorbisenc.so.2.0.11
7f2254957000-7f2254b56000 ---p 0008d000 b3:01 550827                     /usr/lib/x86_64-linux-gnu/libvorbisenc.so.2.0.11
7f2254b56000-7f2254b72000 r--p 0008c000 b3:01 550827                     /usr/lib/x86_64-linux-gnu/libvorbisenc.so.2.0.11
7f2254b72000-7f2254b73000 rw-p 000a8000 b3:01 550827                     /usr/lib/x86_64-linux-gnu/libvorbisenc.so.2.0.11
7f2254b73000-7f2254be6000 r-xp 00000000 b3:01 550817                     /usr/lib/x86_64-linux-gnu/libFLAC.so.8.3.0
7f2254be6000-7f2254de6000 ---p 00073000 b3:01 550817                     /usr/lib/x86_64-linux-gnu/libFLAC.so.8.3.0
7f2254de6000-7f2254de7000 r--p 00073000 b3:01 550817                     /usr/lib/x86_64-linux-gnu/libFLAC.so.8.3.0
7f2254de7000-7f2254de8000 rw-p 00074000 b3:01 550817                     /usr/lib/x86_64-linux-gnu/libFLAC.so.8.3.0
7f2254de8000-7f2254ec0000 r-xp 00000000 b3:01 520651                     /lib/x86_64-linux-gnu/libgcrypt.so.20.0.5
7f2254ec0000-7f22550bf000 ---p 000d8000 b3:01 520651                     /lib/x86_64-linux-gnu/libgcrypt.so.20.0.5
7f22550bf000-7f22550c0000 r--p 000d7000 b3:01 520651                     /lib/x86_64-linux-gnu/libgcrypt.so.20.0.5
7f22550c0000-7f22550c8000 rw-p 000d8000 b3:01 520651                     /lib/x86_64-linux-gnu/libgcrypt.so.20.0.5
7f22550c8000-7f22550c9000 rw-p 00000000 00:00 0 
7f22550c9000-7f22550ea000 r-xp 00000000 b3:01 523312                     /lib/x86_64-linux-gnu/liblzma.so.5.0.0
7f22550ea000-7f22552e9000 ---p 00021000 b3:01 523312                     /lib/x86_64-linux-gnu/liblzma.so.5.0.0
7f22552e9000-7f22552ea000 r--p 00020000 b3:01 523312                     /lib/x86_64-linux-gnu/liblzma.so.5.0.0
7f22552ea000-7f22552eb000 rw-p 00021000 b3:01 523312                     /lib/x86_64-linux-gnu/liblzma.so.5.0.0
7f22552eb000-7f225530a000 r-xp 00000000 b3:01 522735                     /lib/x86_64-linux-gnu/libselinux.so.1
7f225530a000-7f2255509000 ---p 0001f000 b3:01 522735                     /lib/x86_64-linux-gnu/libselinux.so.1
7f2255509000-7f225550a000 r--p 0001e000 b3:01 522735                     /lib/x86_64-linux-gnu/libselinux.so.1
7f225550a000-7f225550b000 rw-p 0001f000 b3:01 522735                     /lib/x86_64-linux-gnu/libselinux.so.1
7f225550b000-7f225550d000 rw-p 00000000 00:00 0 
7f225550d000-7f2255512000 r-xp 00000000 b3:01 547000                     /usr/lib/x86_64-linux-gnu/libasyncns.so.0.3.1
7f2255512000-7f2255711000 ---p 00005000 b3:01 547000                     /usr/lib/x86_64-linux-gnu/libasyncns.so.0.3.1
7f2255711000-7f2255712000 r--p 00004000 b3:01 547000                     /usr/lib/x86_64-linux-gnu/libasyncns.so.0.3.1
7f2255712000-7f2255713000 rw-p 00005000 b3:01 547000                     /usr/lib/x86_64-linux-gnu/libasyncns.so.0.3.1
7f2255713000-7f2255775000 r-xp 00000000 b3:01 550837                     /usr/lib/x86_64-linux-gnu/libsndfile.so.1.0.25
7f2255775000-7f2255975000 ---p 00062000 b3:01 550837                     /usr/lib/x86_64-linux-gnu/libsndfile.so.1.0.25
7f2255975000-7f2255977000 r--p 00062000 b3:01 550837                     /usr/lib/x86_64-linux-gnu/libsndfile.so.1.0.25
7f2255977000-7f2255978000 rw-p 00064000 b3:01 550837                     /usr/lib/x86_64-linux-gnu/libsndfile.so.1.0.25
7f2255978000-7f225597c000 rw-p 00000000 00:00 0 
7f225597c000-7f2255984000 r-xp 00000000 b3:01 547902                     /lib/x86_64-linux-gnu/libwrap.so.0.7.6
7f2255984000-7f2255b83000 ---p 00008000 b3:01 547902                     /lib/x86_64-linux-gnu/libwrap.so.0.7.6
7f2255b83000-7f2255b84000 r--p 00007000 b3:01 547902                     /lib/x86_64-linux-gnu/libwrap.so.0.7.6
7f2255b84000-7f2255b85000 rw-p 00008000 b3:01 547902                     /lib/x86_64-linux-gnu/libwrap.so.0.7.6
7f2255b85000-7f2255b86000 rw-p 00000000 00:00 0 
7f2255b86000-7f2255bd0000 r-xp 00000000 b3:01 528223                     /lib/x86_64-linux-gnu/libdbus-1.so.3.14.6
7f2255bd0000-7f2255dd0000 ---p 0004a000 b3:01 528223                     /lib/x86_64-linux-gnu/libdbus-1.so.3.14.6
7f2255dd0000-7f2255dd1000 r--p 0004a000 b3:01 528223                     /lib/x86_64-linux-gnu/libdbus-1.so.3.14.6
7f2255dd1000-7f2255dd2000 rw-p 0004b000 b3:01 528223                     /lib/x86_64-linux-gnu/libdbus-1.so.3.14.6
7f2255dd2000-7f2255e4c000 r-xp 00000000 b3:01 533549                     /usr/lib/x86_64-linux-gnu/pulseaudio/libpulsecommon-8.0.so
7f2255e4c000-7f225604b000 ---p 0007a000 b3:01 533549                     /usr/lib/x86_64-linux-gnu/pulseaudio/libpulsecommon-8.0.so
7f225604b000-7f225604c000 r--p 00079000 b3:01 533549                     /usr/lib/x86_64-linux-gnu/pulseaudio/libpulsecommon-8.0.so
7f225604c000-7f225604d000 rw-p 0007a000 b3:01 533549                     /usr/lib/x86_64-linux-gnu/pulseaudio/libpulsecommon-8.0.so
7f225604d000-7f2256057000 r-xp 00000000 b3:01 530027                     /lib/x86_64-linux-gnu/libjson-c.so.2.0.0
7f2256057000-7f2256256000 ---p 0000a000 b3:01 530027                     /lib/x86_64-linux-gnu/libjson-c.so.2.0.0
7f2256256000-7f2256257000 r--p 00009000 b3:01 530027                     /lib/x86_64-linux-gnu/libjson-c.so.2.0.0
7f2256257000-7f2256258000 rw-p 0000a000 b3:01 530027                     /lib/x86_64-linux-gnu/libjson-c.so.2.0.0
7f2256258000-7f22562a6000 r-xp 00000000 b3:01 533553                     /usr/lib/x86_64-linux-gnu/libpulse.so.0.19.0
7f22562a6000-7f22564a6000 ---p 0004e000 b3:01 533553                     /usr/lib/x86_64-linux-gnu/libpulse.so.0.19.0
7f22564a6000-7f22564a7000 r--p 0004e000 b3:01 533553                     /usr/lib/x86_64-linux-gnu/libpulse.so.0.19.0
7f22564a7000-7f22564a8000 rw-p 0004f000 b3:01 533553                     /usr/lib/x86_64-linux-gnu/libpulse.so.0.19.0
7f22564a8000-7f22564ab000 ---p 00000000 00:00 0 
7f22564ab000-7f22565a9000 rw-p 00000000 00:00 0                          [stack:15475]
7f22565a9000-7f22565ac000 ---p 00000000 00:00 0 
7f22565ac000-7f22566aa000 rw-p 00000000 00:00 0                          [stack:15471]
7f22566aa000-7f22567a3000 r-xp 00000000 b3:01 533997                     /usr/lib/x86_64-linux-gnu/libasound.so.2.0.0
7f22567a3000-7f22569a2000 ---p 000f9000 b3:01 533997                     /usr/lib/x86_64-linux-gnu/libasound.so.2.0.0
7f22569a2000-7f22569a9000 r--p 000f8000 b3:01 533997                     /usr/lib/x86_64-linux-gnu/libasound.so.2.0.0
7f22569a9000-7f22569aa000 rw-p 000ff000 b3:01 533997                     /usr/lib/x86_64-linux-gnu/libasound.so.2.0.0
7f22569aa000-7f22569b9000 r-xp 00000000 b3:01 407952                     /usr/lib/jvm/java-7-oracle/jre/lib/amd64/libjsoundalsa.so
7f22569b9000-7f2256bb8000 ---p 0000f000 b3:01 407952                     /usr/lib/jvm/java-7-oracle/jre/lib/amd64/libjsoundalsa.so
7f2256bb8000-7f2256bb9000 rw-p 0000e000 b3:01 407952                     /usr/lib/jvm/java-7-oracle/jre/lib/amd64/libjsoundalsa.so
7f2256bb9000-7f2256bba000 r-xp 00000000 b3:01 407958                     /usr/lib/jvm/java-7-oracle/jre/lib/amd64/libjsound.so
7f2256bba000-7f2256db9000 ---p 00001000 b3:01 407958                     /usr/lib/jvm/java-7-oracle/jre/lib/amd64/libjsound.so
7f2256db9000-7f2256dba000 rw-p 00000000 b3:01 407958                     /usr/lib/jvm/java-7-oracle/jre/lib/amd64/libjsound.so
7f2256dba000-7f2256f7a000 rw-s 10fe10000 00:24 132504                    /dev/dri/card0
7f225705b000-7f225706b000 rw-s 1130ca000 00:24 132504                    /dev/dri/card0
7f225706b000-7f225707b000 rw-s 10ffe0000 00:24 132504                    /dev/dri/card0
7f225707b000-7f2258000000 rw-p 00000000 00:00 0 
7f2258000000-7f2258b97000 rw-p 00000000 00:00 0 
7f2258b97000-7f225c000000 ---p 00000000 00:00 0 
7f225c003000-7f225c083000 r-xp 00000000 b3:01 524786                     /lib/x86_64-linux-gnu/libsystemd.so.0.14.0
7f225c083000-7f225c086000 r--p 0007f000 b3:01 524786                     /lib/x86_64-linux-gnu/libsystemd.so.0.14.0
7f225c086000-7f225c087000 rw-p 00082000 b3:01 524786                     /lib/x86_64-linux-gnu/libsystemd.so.0.14.0
7f225c087000-7f225c088000 rw-p 00000000 00:00 0 
7f225c08d000-7f225c095000 rw-s 10ffd8000 00:24 132504                    /dev/dri/card0
7f225c095000-7f225c09d000 rw-s 10ffd0000 00:24 132504                    /dev/dri/card0
7f225c09d000-7f225c34e000 rw-p 00000000 00:00 0 
7f225c34e000-7f225c385000 r-xp 00000000 b3:01 538785                     /usr/lib/x86_64-linux-gnu/libtxc_dxtn_s2tc.so.0.0.0
7f225c385000-7f225c584000 ---p 00037000 b3:01 538785                     /usr/lib/x86_64-linux-gnu/libtxc_dxtn_s2tc.so.0.0.0
7f225c584000-7f225c585000 r--p 00036000 b3:01 538785                     /usr/lib/x86_64-linux-gnu/libtxc_dxtn_s2tc.so.0.0.0
7f225c585000-7f225c586000 rw-p 00037000 b3:01 538785                     /usr/lib/x86_64-linux-gnu/libtxc_dxtn_s2tc.so.0.0.0
7f225c586000-7f225c5ad000 rw-p 00000000 00:00 0 
7f225c5ad000-7f225c5c6000 r-xp 00000000 b3:01 521104                     /lib/x86_64-linux-gnu/libz.so.1.2.8
7f225c5c6000-7f225c7c5000 ---p 00019000 b3:01 521104                     /lib/x86_64-linux-gnu/libz.so.1.2.8
7f225c7c5000-7f225c7c6000 r--p 00018000 b3:01 521104                     /lib/x86_64-linux-gnu/libz.so.1.2.8
7f225c7c6000-7f225c7c7000 rw-p 00019000 b3:01 521104                     /lib/x86_64-linux-gnu/libz.so.1.2.8
7f225c7c7000-7f225c7cf000 r-xp 00000000 b3:01 538879                     /usr/lib/x86_64-linux-gnu/libpciaccess.so.0.11.1
7f225c7cf000-7f225c9cf000 ---p 00008000 b3:01 538879                     /usr/lib/x86_64-linux-gnu/libpciaccess.so.0.11.1
7f225c9cf000-7f225c9d0000 r--p 00008000 b3:01 538879                     /usr/lib/x86_64-linux-gnu/libpciaccess.so.0.11.1
7f225c9d0000-7f225c9d1000 rw-p 00009000 b3:01 538879                     /usr/lib/x86_64-linux-gnu/libpciaccess.so.0.11.1
7f225c9d1000-7f225cb43000 r-xp 00000000 b3:01 536728                     /usr/lib/x86_64-linux-gnu/libstdc++.so.6.0.21
7f225cb43000-7f225cd43000 ---p 00172000 b3:01 536728                     /usr/lib/x86_64-linux-gnu/libstdc++.so.6.0.21
7f225cd43000-7f225cd4d000 r--p 00172000 b3:01 536728                     /usr/lib/x86_64-linux-gnu/libstdc++.so.6.0.21
7f225cd4d000-7f225cd4f000 rw-p 0017c000 b3:01 536728                     /usr/lib/x86_64-linux-gnu/libstdc++.so.6.0.21
7f225cd4f000-7f225cd53000 rw-p 00000000 00:00 0 
7f225cd53000-7f225cd5e000 r-xp 00000000 b3:01 538898                     /usr/lib/x86_64-linux-gnu/libdrm_radeon.so.1.0.1
7f225cd5e000-7f225cf5d000 ---p 0000b000 b3:01 538898                     /usr/lib/x86_64-linux-gnu/libdrm_radeon.so.1.0.1
7f225cf5d000-7f225cf5e000 r--p 0000a000 b3:01 538898                     /usr/lib/x86_64-linux-gnu/libdrm_radeon.so.1.0.1
7f225cf5e000-7f225cf5f000 rw-p 0000b000 b3:01 538898                     /usr/lib/x86_64-linux-gnu/libdrm_radeon.so.1.0.1
7f225cf5f000-7f225cf66000 r-xp 00000000 b3:01 538891                     /usr/lib/x86_64-linux-gnu/libdrm_nouveau.so.2.0.0
7f225cf66000-7f225d165000 ---p 00007000 b3:01 538891                     /usr/lib/x86_64-linux-gnu/libdrm_nouveau.so.2.0.0
7f225d165000-7f225d166000 r--p 00006000 b3:01 538891                     /usr/lib/x86_64-linux-gnu/libdrm_nouveau.so.2.0.0
7f225d166000-7f225d167000 rw-p 00007000 b3:01 538891                     /usr/lib/x86_64-linux-gnu/libdrm_nouveau.so.2.0.0
7f225d167000-7f225d187000 r-xp 00000000 b3:01 538885                     /usr/lib/x86_64-linux-gnu/libdrm_intel.so.1.0.0
7f225d187000-7f225d386000 ---p 00020000 b3:01 538885                     /usr/lib/x86_64-linux-gnu/libdrm_intel.so.1.0.0
7f225d386000-7f225d387000 r--p 0001f000 b3:01 538885                     /usr/lib/x86_64-linux-gnu/libdrm_intel.so.1.0.0
7f225d387000-7f225d388000 rw-p 00020000 b3:01 538885                     /usr/lib/x86_64-linux-gnu/libdrm_intel.so.1.0.0
7f225d388000-7f225d98d000 r-xp 00000000 b3:01 538969                     /usr/lib/x86_64-linux-gnu/dri/i965_dri.so
7f225d98d000-7f225db8d000 ---p 00605000 b3:01 538969                     /usr/lib/x86_64-linux-gnu/dri/i965_dri.so
7f225db8d000-7f225dbc3000 r--p 00605000 b3:01 538969                     /usr/lib/x86_64-linux-gnu/dri/i965_dri.so
7f225dbc3000-7f225dbca000 rw-p 0063b000 b3:01 538969                     /usr/lib/x86_64-linux-gnu/dri/i965_dri.so
7f225dbca000-7f225dbd2000 rw-p 00000000 00:00 0 
7f225dbd2000-7f225dbf0000 r-xp 00000000 b3:01 522610                     /lib/x86_64-linux-gnu/libudev.so.1.6.4
7f225dbf0000-7f225dbf1000 r--p 0001d000 b3:01 522610                     /lib/x86_64-linux-gnu/libudev.so.1.6.4
7f225dbf1000-7f225dbf2000 rw-p 0001e000 b3:01 522610                     /lib/x86_64-linux-gnu/libudev.so.1.6.4
7f225dbf2000-7f225dc00000 r-xp 00000000 b3:01 538835                     /usr/lib/x86_64-linux-gnu/libdrm.so.2.4.0
7f225dc00000-7f225ddff000 ---p 0000e000 b3:01 538835                     /usr/lib/x86_64-linux-gnu/libdrm.so.2.4.0
7f225ddff000-7f225de00000 r--p 0000d000 b3:01 538835                     /usr/lib/x86_64-linux-gnu/libdrm.so.2.4.0
7f225de00000-7f225de01000 rw-p 0000e000 b3:01 538835                     /usr/lib/x86_64-linux-gnu/libdrm.so.2.4.0
7f225de01000-7f225de05000 r-xp 00000000 b3:01 538929                     /usr/lib/x86_64-linux-gnu/libxcb-dri2.so.0.0.0
7f225de05000-7f225e004000 ---p 00004000 b3:01 538929                     /usr/lib/x86_64-linux-gnu/libxcb-dri2.so.0.0.0
7f225e004000-7f225e005000 r--p 00003000 b3:01 538929                     /usr/lib/x86_64-linux-gnu/libxcb-dri2.so.0.0.0
7f225e005000-7f225e006000 rw-p 00004000 b3:01 538929                     /usr/lib/x86_64-linux-gnu/libxcb-dri2.so.0.0.0
7f225e006000-7f225e01d000 r-xp 00000000 b3:01 538997                     /usr/lib/x86_64-linux-gnu/libxcb-glx.so.0.0.0
7f225e01d000-7f225e21c000 ---p 00017000 b3:01 538997                     /usr/lib/x86_64-linux-gnu/libxcb-glx.so.0.0.0
7f225e21c000-7f225e21e000 r--p 00016000 b3:01 538997                     /usr/lib/x86_64-linux-gnu/libxcb-glx.so.0.0.0
7f225e21e000-7f225e21f000 rw-p 00018000 b3:01 538997                     /usr/lib/x86_64-linux-gnu/libxcb-glx.so.0.0.0
7f225e21f000-7f225e220000 r-xp 00000000 b3:01 538923                     /usr/lib/x86_64-linux-gnu/libX11-xcb.so.1.0.0
7f225e220000-7f225e41f000 ---p 00001000 b3:01 538923                     /usr/lib/x86_64-linux-gnu/libX11-xcb.so.1.0.0
7f225e41f000-7f225e420000 r--p 00000000 b3:01 538923                     /usr/lib/x86_64-linux-gnu/libX11-xcb.so.1.0.0
7f225e420000-7f225e421000 rw-p 00001000 b3:01 538923                     /usr/lib/x86_64-linux-gnu/libX11-xcb.so.1.0.0
7f225e421000-7f225e423000 r-xp 00000000 b3:01 538607                     /usr/lib/x86_64-linux-gnu/libXdamage.so.1.1.0
7f225e423000-7f225e622000 ---p 00002000 b3:01 538607                     /usr/lib/x86_64-linux-gnu/libXdamage.so.1.1.0
7f225e622000-7f225e623000 r--p 00001000 b3:01 538607                     /usr/lib/x86_64-linux-gnu/libXdamage.so.1.1.0
7f225e623000-7f225e624000 rw-p 00002000 b3:01 538607                     /usr/lib/x86_64-linux-gnu/libXdamage.so.1.1.0
7f225e624000-7f225e64d000 r-xp 00000000 b3:01 538990                     /usr/lib/x86_64-linux-gnu/libglapi.so.0.0.0
7f225e64d000-7f225e84c000 ---p 00029000 b3:01 538990                     /usr/lib/x86_64-linux-gnu/libglapi.so.0.0.0
7f225e84c000-7f225e850000 r--p 00028000 b3:01 538990                     /usr/lib/x86_64-linux-gnu/libglapi.so.0.0.0
7f225e850000-7f225e851000 rw-p 0002c000 b3:01 538990                     /usr/lib/x86_64-linux-gnu/libglapi.so.0.0.0
7f225e851000-7f225e852000 rw-p 00000000 00:00 0 
7f225e852000-7f225e853000 r-xp 00000000 b3:01 538749                     /usr/lib/x86_64-linux-gnu/libxshmfence.so.1.0.0
7f225e853000-7f225ea53000 ---p 00001000 b3:01 538749                     /usr/lib/x86_64-linux-gnu/libxshmfence.so.1.0.0
7f225ea53000-7f225ea54000 r--p 00001000 b3:01 538749                     /usr/lib/x86_64-linux-gnu/libxshmfence.so.1.0.0
7f225ea54000-7f225ea55000 rw-p 00002000 b3:01 538749                     /usr/lib/x86_64-linux-gnu/libxshmfence.so.1.0.0
7f225ea55000-7f225ea5a000 r-xp 00000000 b3:01 538947                     /usr/lib/x86_64-linux-gnu/libxcb-sync.so.1.0.0
7f225ea5a000-7f225ec5a000 ---p 00005000 b3:01 538947                     /usr/lib/x86_64-linux-gnu/libxcb-sync.so.1.0.0
7f225ec5a000-7f225ec5b000 r--p 00005000 b3:01 538947                     /usr/lib/x86_64-linux-gnu/libxcb-sync.so.1.0.0
7f225ec5b000-7f225ec5c000 rw-p 00006000 b3:01 538947                     /usr/lib/x86_64-linux-gnu/libxcb-sync.so.1.0.0
7f225ec5c000-7f225ec5e000 r-xp 00000000 b3:01 538941                     /usr/lib/x86_64-linux-gnu/libxcb-present.so.0.0.0
7f225ec5e000-7f225ee5d000 ---p 00002000 b3:01 538941                     /usr/lib/x86_64-linux-gnu/libxcb-present.so.0.0.0
7f225ee5d000-7f225ee5e000 r--p 00001000 b3:01 538941                     /usr/lib/x86_64-linux-gnu/libxcb-present.so.0.0.0
7f225ee5e000-7f225ee5f000 rw-p 00002000 b3:01 538941                     /usr/lib/x86_64-linux-gnu/libxcb-present.so.0.0.0
7f225ee5f000-7f225ee61000 r-xp 00000000 b3:01 538935                     /usr/lib/x86_64-linux-gnu/libxcb-dri3.so.0.0.0
7f225ee61000-7f225f060000 ---p 00002000 b3:01 538935                     /usr/lib/x86_64-linux-gnu/libxcb-dri3.so.0.0.0
7f225f060000-7f225f061000 r--p 00001000 b3:01 538935                     /usr/lib/x86_64-linux-gnu/libxcb-dri3.so.0.0.0
7f225f061000-7f225f062000 rw-p 00002000 b3:01 538935                     /usr/lib/x86_64-linux-gnu/libxcb-dri3.so.0.0.0
7f225f062000-7f225f088000 r-xp 00000000 b3:01 520728                     /lib/x86_64-linux-gnu/libexpat.so.1.6.0
7f225f088000-7f225f288000 ---p 00026000 b3:01 520728                     /lib/x86_64-linux-gnu/libexpat.so.1.6.0
7f225f288000-7f225f28a000 r--p 00026000 b3:01 520728                     /lib/x86_64-linux-gnu/libexpat.so.1.6.0
7f225f28a000-7f225f28b000 rw-p 00028000 b3:01 520728                     /lib/x86_64-linux-gnu/libexpat.so.1.6.0
7f225f28b000-7f225f2f8000 r-xp 00000000 b3:01 539006                     /usr/lib/x86_64-linux-gnu/mesa/libGL.so.1.2.0
7f225f2f8000-7f225f4f7000 ---p 0006d000 b3:01 539006                     /usr/lib/x86_64-linux-gnu/mesa/libGL.so.1.2.0
7f225f4f7000-7f225f4fa000 r--p 0006c000 b3:01 539006                     /usr/lib/x86_64-linux-gnu/mesa/libGL.so.1.2.0
7f225f4fa000-7f225f4fb000 rw-p 0006f000 b3:01 539006                     /usr/lib/x86_64-linux-gnu/mesa/libGL.so.1.2.0
7f225f4fb000-7f225f4fc000 rw-p 00000000 00:00 0 
7f225f4fc000-7f225f501000 r-xp 00000000 b3:01 538779                     /usr/lib/x86_64-linux-gnu/libXxf86vm.so.1.0.0
7f225f501000-7f225f700000 ---p 00005000 b3:01 538779                     /usr/lib/x86_64-linux-gnu/libXxf86vm.so.1.0.0
7f225f700000-7f225f701000 r--p 00004000 b3:01 538779                     /usr/lib/x86_64-linux-gnu/libXxf86vm.so.1.0.0
7f225f701000-7f225f702000 rw-p 00005000 b3:01 538779                     /usr/lib/x86_64-linux-gnu/libXxf86vm.so.1.0.0
7f225f702000-7f225f70c000 r-xp 00000000 b3:01 539067                     /usr/lib/x86_64-linux-gnu/libXrandr.so.2.2.0
7f225f70c000-7f225f90b000 ---p 0000a000 b3:01 539067                     /usr/lib/x86_64-linux-gnu/libXrandr.so.2.2.0
7f225f90b000-7f225f90c000 r--p 00009000 b3:01 539067                     /usr/lib/x86_64-linux-gnu/libXrandr.so.2.2.0
7f225f90c000-7f225f90d000 rw-p 0000a000 b3:01 539067                     /usr/lib/x86_64-linux-gnu/libXrandr.so.2.2.0
7f225f90d000-7f225f97d000 r-xp 00000000 b3:01 56936                      /home/walt/Desktop/workspac/Grumy/lib/lwjgl/native/linux/liblwjgl64.so
7f225f97d000-7f225fb7d000 ---p 00070000 b3:01 56936                      /home/walt/Desktop/workspac/Grumy/lib/lwjgl/native/linux/liblwjgl64.so
7f225fb7d000-7f225fb7f000 r--p 00070000 b3:01 56936                      /home/walt/Desktop/workspac/Grumy/lib/lwjgl/native/linux/liblwjgl64.so
7f225fb7f000-7f225fb80000 rw-p 00072000 b3:01 56936                      /home/walt/Desktop/workspac/Grumy/lib/lwjgl/native/linux/liblwjgl64.so
7f225fb80000-7f225fb81000 r-xp 00000000 b3:01 407951                     /usr/lib/jvm/java-7-oracle/jre/lib/amd64/libjawt.so
7f225fb81000-7f225fd80000 ---p 00001000 b3:01 407951                     /usr/lib/jvm/java-7-oracle/jre/lib/amd64/libjawt.so
7f225fd80000-7f225fd81000 rw-p 00000000 b3:01 407951                     /usr/lib/jvm/java-7-oracle/jre/lib/amd64/libjawt.so
7f225fd81000-7f225fdea000 r-xp 00000000 b3:01 407976                     /usr/lib/jvm/java-7-oracle/jre/lib/amd64/libt2k.so
7f225fdea000-7f225ffe9000 ---p 00069000 b3:01 407976                     /usr/lib/jvm/java-7-oracle/jre/lib/amd64/libt2k.so
7f225ffe9000-7f225fff0000 rw-p 00068000 b3:01 407976                     /usr/lib/jvm/java-7-oracle/jre/lib/amd64/libt2k.so
7f225fff0000-7f2260000000 rw-p 00000000 00:00 0 
7f2260000000-7f2260021000 rw-p 00000000 00:00 0 
7f2260021000-7f2264000000 ---p 00000000 00:00 0 
7f2264000000-7f2264021000 rw-p 00000000 00:00 0 
7f2264021000-7f2268000000 ---p 00000000 00:00 0 
7f2268000000-7f2268021000 rw-p 00000000 00:00 0 
7f2268021000-7f226c000000 ---p 00000000 00:00 0 
7f226c000000-7f226c021000 rw-p 00000000 00:00 0 
7f226c021000-7f2270000000 ---p 00000000 00:00 0 
7f2270000000-7f2270252000 rw-p 00000000 00:00 0 
7f2270252000-7f2274000000 ---p 00000000 00:00 0 
7f2274000000-7f2274021000 rw-p 00000000 00:00 0 
7f2274021000-7f2278000000 ---p 00000000 00:00 0 
7f2278000000-7f2278021000 rw-p 00000000 00:00 0 
7f2278021000-7f227c000000 ---p 00000000 00:00 0 
7f227c000000-7f227c2d9000 rw-p 00000000 00:00 0 
7f227c2d9000-7f2280000000 ---p 00000000 00:00 0 
7f2280000000-7f228027b000 rw-p 00000000 00:00 0 
7f228027b000-7f2284000000 ---p 00000000 00:00 0 
7f2284000000-7f2284021000 rw-p 00000000 00:00 0 
7f2284021000-7f2288000000 ---p 00000000 00:00 0 
7f2288000000-7f2288021000 rw-p 00000000 00:00 0 
7f2288021000-7f228c000000 ---p 00000000 00:00 0 
7f228c000000-7f228c021000 rw-p 00000000 00:00 0 
7f228c021000-7f2290000000 ---p 00000000 00:00 0 
7f2290000000-7f2290021000 rw-p 00000000 00:00 0 
7f2290021000-7f2294000000 ---p 00000000 00:00 0 
7f2294001000-7f2294004000 ---p 00000000 00:00 0 
7f2294004000-7f229403a000 rw-p 00000000 00:00 0                          [stack:15460]
7f229403a000-7f229403d000 ---p 00000000 00:00 0 
7f229403d000-7f229413b000 rw-p 00000000 00:00 0                          [stack:15458]
7f229413b000-7f229413e000 ---p 00000000 00:00 0 
7f229413e000-7f229423c000 rw-p 00000000 00:00 0                          [stack:15448]
7f229423c000-7f229424c000 r-xp 00000000 b3:01 407939                     /usr/lib/jvm/java-7-oracle/jre/lib/amd64/libnio.so
7f229424c000-7f229444c000 ---p 00010000 b3:01 407939                     /usr/lib/jvm/java-7-oracle/jre/lib/amd64/libnio.so
7f229444c000-7f229444d000 rw-p 00010000 b3:01 407939                     /usr/lib/jvm/java-7-oracle/jre/lib/amd64/libnio.so
7f229444d000-7f229447e000 rw-p 00000000 00:00 0 
7f229447e000-7f2294495000 r-xp 00000000 b3:01 407971                     /usr/lib/jvm/java-7-oracle/jre/lib/amd64/libnet.so
7f2294495000-7f2294694000 ---p 00017000 b3:01 407971                     /usr/lib/jvm/java-7-oracle/jre/lib/amd64/libnet.so
7f2294694000-7f2294695000 rw-p 00016000 b3:01 407971                     /usr/lib/jvm/java-7-oracle/jre/lib/amd64/libnet.so
7f2294695000-7f22946ab000 r-xp 00000000 b3:01 523085                     /lib/x86_64-linux-gnu/libgcc_s.so.1
7f22946ab000-7f22948aa000 ---p 00016000 b3:01 523085                     /lib/x86_64-linux-gnu/libgcc_s.so.1
7f22948aa000-7f22948ab000 rw-p 00015000 b3:01 523085                     /lib/x86_64-linux-gnu/libgcc_s.so.1
7f22948ab000-7f2294910000 r-xp 00000000 b3:01 407937                     /usr/lib/jvm/java-7-oracle/jre/lib/amd64/libfontmanager.so
7f2294910000-7f2294b0f000 ---p 00065000 b3:01 407937                     /usr/lib/jvm/java-7-oracle/jre/lib/amd64/libfontmanager.so
7f2294b0f000-7f2294b14000 rw-p 00064000 b3:01 407937                     /usr/lib/jvm/java-7-oracle/jre/lib/amd64/libfontmanager.so
7f2294b14000-7f2294b24000 rw-p 00000000 00:00 0 
7f2294b24000-7f2294b27000 ---p 00000000 00:00 0 
7f2294b27000-7f2294c25000 rw-p 00000000 00:00 0                          [stack:15447]
7f2294c25000-7f2294c28000 ---p 00000000 00:00 0 
7f2294c28000-7f2294d26000 rw-p 00000000 00:00 0                          [stack:15446]
7f2294d26000-7f2294d2b000 r-xp 00000000 b3:01 538589                     /usr/lib/x86_64-linux-gnu/libXfixes.so.3.1.0
7f2294d2b000-7f2294f2a000 ---p 00005000 b3:01 538589                     /usr/lib/x86_64-linux-gnu/libXfixes.so.3.1.0
7f2294f2a000-7f2294f2b000 r--p 00004000 b3:01 538589                     /usr/lib/x86_64-linux-gnu/libXfixes.so.3.1.0
7f2294f2b000-7f2294f2c000 rw-p 00005000 b3:01 538589                     /usr/lib/x86_64-linux-gnu/libXfixes.so.3.1.0
7f2294f2c000-7f2294f35000 r-xp 00000000 b3:01 538601                     /usr/lib/x86_64-linux-gnu/libXcursor.so.1.0.2
7f2294f35000-7f2295134000 ---p 00009000 b3:01 538601                     /usr/lib/x86_64-linux-gnu/libXcursor.so.1.0.2
7f2295134000-7f2295135000 r--p 00008000 b3:01 538601                     /usr/lib/x86_64-linux-gnu/libXcursor.so.1.0.2
7f2295135000-7f2295136000 rw-p 00009000 b3:01 538601                     /usr/lib/x86_64-linux-gnu/libXcursor.so.1.0.2
7f2295136000-7f2295139000 ---p 00000000 00:00 0 
7f2295139000-7f2295237000 rw-p 00000000 00:00 0                          [stack:15445]
7f2295237000-7f229523c000 r-xp 00000000 b3:01 538106                     /usr/lib/x86_64-linux-gnu/libXdmcp.so.6.0.0
7f229523c000-7f229543b000 ---p 00005000 b3:01 538106                     /usr/lib/x86_64-linux-gnu/libXdmcp.so.6.0.0
7f229543b000-7f229543c000 r--p 00004000 b3:01 538106                     /usr/lib/x86_64-linux-gnu/libXdmcp.so.6.0.0
7f229543c000-7f229543d000 rw-p 00005000 b3:01 538106                     /usr/lib/x86_64-linux-gnu/libXdmcp.so.6.0.0
7f229543d000-7f229543f000 r-xp 00000000 b3:01 538099                     /usr/lib/x86_64-linux-gnu/libXau.so.6.0.0
7f229543f000-7f229563f000 ---p 00002000 b3:01 538099                     /usr/lib/x86_64-linux-gnu/libXau.so.6.0.0
7f229563f000-7f2295640000 r--p 00002000 b3:01 538099                     /usr/lib/x86_64-linux-gnu/libXau.so.6.0.0
7f2295640000-7f2295641000 rw-p 00003000 b3:01 538099                     /usr/lib/x86_64-linux-gnu/libXau.so.6.0.0
7f2295641000-7f2295662000 r-xp 00000000 b3:01 538112                     /usr/lib/x86_64-linux-gnu/libxcb.so.1.1.0
7f2295662000-7f2295861000 ---p 00021000 b3:01 538112                     /usr/lib/x86_64-linux-gnu/libxcb.so.1.1.0
7f2295861000-7f2295862000 r--p 00020000 b3:01 538112                     /usr/lib/x86_64-linux-gnu/libxcb.so.1.1.0
7f2295862000-7f2295863000 rw-p 00021000 b3:01 538112                     /usr/lib/x86_64-linux-gnu/libxcb.so.1.1.0
7f2295863000-7f2295872000 r-xp 00000000 b3:01 539055                     /usr/lib/x86_64-linux-gnu/libXi.so.6.1.0
7f2295872000-7f2295a71000 ---p 0000f000 b3:01 539055                     /usr/lib/x86_64-linux-gnu/libXi.so.6.1.0
7f2295a71000-7f2295a72000 r--p 0000e000 b3:01 539055                     /usr/lib/x86_64-linux-gnu/libXi.so.6.1.0
7f2295a72000-7f2295a73000 rw-p 0000f000 b3:01 539055                     /usr/lib/x86_64-linux-gnu/libXi.so.6.1.0
7f2295a73000-7f2295a78000 r-xp 00000000 b3:01 538761                     /usr/lib/x86_64-linux-gnu/libXtst.so.6.1.0
7f2295a78000-7f2295c77000 ---p 00005000 b3:01 538761                     /usr/lib/x86_64-linux-gnu/libXtst.so.6.1.0
7f2295c77000-7f2295c78000 r--p 00004000 b3:01 538761                     /usr/lib/x86_64-linux-gnu/libXtst.so.6.1.0
7f2295c78000-7f2295c79000 rw-p 00005000 b3:01 538761                     /usr/lib/x86_64-linux-gnu/libXtst.so.6.1.0
7f2295c79000-7f2295c82000 r-xp 00000000 b3:01 538595                     /usr/lib/x86_64-linux-gnu/libXrender.so.1.3.0
7f2295c82000-7f2295e81000 ---p 00009000 b3:01 538595                     /usr/lib/x86_64-linux-gnu/libXrender.so.1.3.0
7f2295e81000-7f2295e82000 r--p 00008000 b3:01 538595                     /usr/lib/x86_64-linux-gnu/libXrender.so.1.3.0
7f2295e82000-7f2295e83000 rw-p 00009000 b3:01 538595                     /usr/lib/x86_64-linux-gnu/libXrender.so.1.3.0
7f2295e83000-7f2295fb8000 r-xp 00000000 b3:01 538126                     /usr/lib/x86_64-linux-gnu/libX11.so.6.3.0
7f2295fb8000-7f22961b8000 ---p 00135000 b3:01 538126                     /usr/lib/x86_64-linux-gnu/libX11.so.6.3.0
7f22961b8000-7f22961b9000 r--p 00135000 b3:01 538126                     /usr/lib/x86_64-linux-gnu/libX11.so.6.3.0
7f22961b9000-7f22961bd000 rw-p 00136000 b3:01 538126                     /usr/lib/x86_64-linux-gnu/libX11.so.6.3.0
7f22961bd000-7f22961ce000 r-xp 00000000 b3:01 538132                     /usr/lib/x86_64-linux-gnu/libXext.so.6.4.0
7f22961ce000-7f22963cd000 ---p 00011000 b3:01 538132                     /usr/lib/x86_64-linux-gnu/libXext.so.6.4.0
7f22963cd000-7f22963ce000 r--p 00010000 b3:01 538132                     /usr/lib/x86_64-linux-gnu/libXext.so.6.4.0
7f22963ce000-7f22963cf000 rw-p 00011000 b3:01 538132                     /usr/lib/x86_64-linux-gnu/libXext.so.6.4.0
7f22963cf000-7f229641f000 r-xp 00000000 b3:01 407983                     /usr/lib/jvm/java-7-oracle/jre/lib/amd64/xawt/libmawt.so
7f229641f000-7f229661f000 ---p 00050000 b3:01 407983                     /usr/lib/jvm/java-7-oracle/jre/lib/amd64/xawt/libmawt.so
7f229661f000-7f2296623000 rw-p 00050000 b3:01 407983                     /usr/lib/jvm/java-7-oracle/jre/lib/amd64/xawt/libmawt.so
7f2296623000-7f2296624000 rw-p 00000000 00:00 0 
7f2296624000-7f22966c6000 r-xp 00000000 b3:01 407970                     /usr/lib/jvm/java-7-oracle/jre/lib/amd64/libawt.so
7f22966c6000-7f22968c6000 ---p 000a2000 b3:01 407970                     /usr/lib/jvm/java-7-oracle/jre/lib/amd64/libawt.so
7f22968c6000-7f22968d2000 rw-p 000a2000 b3:01 407970                     /usr/lib/jvm/java-7-oracle/jre/lib/amd64/libawt.so
7f22968d2000-7f22968f6000 rw-p 00000000 00:00 0 
7f22968f6000-7f22968f7000 ---p 00000000 00:00 0 
7f22968f7000-7f22969f7000 rw-p 00000000 00:00 0                          [stack:15444]
7f22969f7000-7f22969fa000 ---p 00000000 00:00 0 
7f22969fa000-7f2296af8000 rw-p 00000000 00:00 0                          [stack:15443]
7f2296af8000-7f2296afb000 ---p 00000000 00:00 0 
7f2296afb000-7f2296bf9000 rw-p 00000000 00:00 0                          [stack:15442]
7f2296bf9000-7f2296bfc000 ---p 00000000 00:00 0 
7f2296bfc000-7f2296cfa000 rw-p 00000000 00:00 0                          [stack:15441]
7f2296cfa000-7f2296cfd000 ---p 00000000 00:00 0 
7f2296cfd000-7f2296dfb000 rw-p 00000000 00:00 0                          [stack:15440]
7f2296dfb000-7f2296dfe000 ---p 00000000 00:00 0 
7f2296dfe000-7f2296efc000 rw-p 00000000 00:00 0                          [stack:15439]
7f2296efc000-7f2296eff000 ---p 00000000 00:00 0 
7f2296eff000-7f2296ffd000 rw-p 00000000 00:00 0                          [stack:15438]
7f2296ffd000-7f2296ffe000 ---p 00000000 00:00 0 
7f2296ffe000-7f2297ab5000 rw-p 00000000 00:00 0                          [stack:15437]
7f2297ab5000-7f2297c75000 r--s 039fb000 b3:01 407922                     /usr/lib/jvm/java-7-oracle/jre/lib/rt.jar
7f2297c75000-7f2299000000 rw-p 00000000 00:00 0 
7f2299000000-7f2299270000 rwxp 00000000 00:00 0 
7f2299270000-7f229c219000 rw-p 00000000 00:00 0 
7f229c219000-7f22a0000000 ---p 00000000 00:00 0 
7f22a0000000-7f22a0005000 rw-s 00000000 00:04 13434889                   /SYSV00000000 (deleted)
7f22a0005000-7f22a0006000 rw-s 00000000 00:04 220416                     /drm mm object (deleted)
7f22a0006000-7f22a000d000 r--s 00000000 b3:01 537696                     /usr/lib/x86_64-linux-gnu/gconv/gconv-modules.cache
7f22a000d000-7f22a0017000 r--s 00253000 b3:01 407900                     /usr/lib/jvm/java-7-oracle/jre/lib/resources.jar
7f22a0017000-7f22a0018000 rw-s 00000000 00:04 220414                     /drm mm object (deleted)
7f22a0018000-7f22a0019000 rwxp 00000000 00:00 0 
7f22a0019000-7f22a001a000 rw-s 00000000 00:04 220406                     /drm mm object (deleted)
7f22a001a000-7f22a0020000 r--s 0003c000 b3:01 26346                      /home/walt/Desktop/workspac/Grumy/lib/snakeyaml-1.16.jar
7f22a0020000-7f22a0048000 rw-p 00000000 00:00 0 
7f22a0048000-7f22a0049000 ---p 00000000 00:00 0 
7f22a0049000-7f22a0149000 rw-p 00000000 00:00 0                          [stack:15436]
7f22a0149000-7f22a014a000 ---p 00000000 00:00 0 
7f22a014a000-7f22a0255000 rw-p 00000000 00:00 0                          [stack:15435]
7f22a0255000-7f22a0273000 rw-p 00000000 00:00 0 
7f22a0273000-7f22a027d000 rw-p 00000000 00:00 0 
7f22a027d000-7f22a0314000 rw-p 00000000 00:00 0 
7f22a0314000-7f22a031f000 rw-p 00000000 00:00 0 
7f22a031f000-7f22a033d000 rw-p 00000000 00:00 0 
7f22a033d000-7f22a0347000 rw-p 00000000 00:00 0 
7f22a0347000-7f22a03dd000 rw-p 00000000 00:00 0 
7f22a03dd000-7f22a03e3000 rw-p 00000000 00:00 0 
7f22a03e3000-7f22a042e000 rw-p 00000000 00:00 0 
7f22a042e000-7f22a042f000 rw-p 00000000 00:00 0 
7f22a042f000-7f22a0446000 r-xp 00000000 b3:01 407966                     /usr/lib/jvm/java-7-oracle/jre/lib/amd64/libzip.so
7f22a0446000-7f22a0646000 ---p 00017000 b3:01 407966                     /usr/lib/jvm/java-7-oracle/jre/lib/amd64/libzip.so
7f22a0646000-7f22a0647000 rw-p 00017000 b3:01 407966                     /usr/lib/jvm/java-7-oracle/jre/lib/amd64/libzip.so
7f22a0647000-7f22a0652000 r-xp 00000000 b3:01 581765                     /lib/x86_64-linux-gnu/libnss_files-2.23.so
7f22a0652000-7f22a0851000 ---p 0000b000 b3:01 581765                     /lib/x86_64-linux-gnu/libnss_files-2.23.so
7f22a0851000-7f22a0852000 r--p 0000a000 b3:01 581765                     /lib/x86_64-linux-gnu/libnss_files-2.23.so
7f22a0852000-7f22a0853000 rw-p 0000b000 b3:01 581765                     /lib/x86_64-linux-gnu/libnss_files-2.23.so
7f22a0853000-7f22a0859000 rw-p 00000000 00:00 0 
7f22a0859000-7f22a0864000 r-xp 00000000 b3:01 581735                     /lib/x86_64-linux-gnu/libnss_nis-2.23.so
7f22a0864000-7f22a0a63000 ---p 0000b000 b3:01 581735                     /lib/x86_64-linux-gnu/libnss_nis-2.23.so
7f22a0a63000-7f22a0a64000 r--p 0000a000 b3:01 581735                     /lib/x86_64-linux-gnu/libnss_nis-2.23.so
7f22a0a64000-7f22a0a65000 rw-p 0000b000 b3:01 581735                     /lib/x86_64-linux-gnu/libnss_nis-2.23.so
7f22a0a65000-7f22a0a7b000 r-xp 00000000 b3:01 581757                     /lib/x86_64-linux-gnu/libnsl-2.23.so
7f22a0a7b000-7f22a0c7a000 ---p 00016000 b3:01 581757                     /lib/x86_64-linux-gnu/libnsl-2.23.so
7f22a0c7a000-7f22a0c7b000 r--p 00015000 b3:01 581757                     /lib/x86_64-linux-gnu/libnsl-2.23.so
7f22a0c7b000-7f22a0c7c000 rw-p 00016000 b3:01 581757                     /lib/x86_64-linux-gnu/libnsl-2.23.so
7f22a0c7c000-7f22a0c7e000 rw-p 00000000 00:00 0 
7f22a0c7e000-7f22a0c86000 r-xp 00000000 b3:01 581759                     /lib/x86_64-linux-gnu/libnss_compat-2.23.so
7f22a0c86000-7f22a0e85000 ---p 00008000 b3:01 581759                     /lib/x86_64-linux-gnu/libnss_compat-2.23.so
7f22a0e85000-7f22a0e86000 r--p 00007000 b3:01 581759                     /lib/x86_64-linux-gnu/libnss_compat-2.23.so
7f22a0e86000-7f22a0e87000 rw-p 00008000 b3:01 581759                     /lib/x86_64-linux-gnu/libnss_compat-2.23.so
7f22a0e87000-7f22a0eb0000 r-xp 00000000 b3:01 407934                     /usr/lib/jvm/java-7-oracle/jre/lib/amd64/libjava.so
7f22a0eb0000-7f22a10b0000 ---p 00029000 b3:01 407934                     /usr/lib/jvm/java-7-oracle/jre/lib/amd64/libjava.so
7f22a10b0000-7f22a10b2000 rw-p 00029000 b3:01 407934                     /usr/lib/jvm/java-7-oracle/jre/lib/amd64/libjava.so
7f22a10b2000-7f22a10bf000 r-xp 00000000 b3:01 407959                     /usr/lib/jvm/java-7-oracle/jre/lib/amd64/libverify.so
7f22a10bf000-7f22a12be000 ---p 0000d000 b3:01 407959                     /usr/lib/jvm/java-7-oracle/jre/lib/amd64/libverify.so
7f22a12be000-7f22a12c0000 rw-p 0000c000 b3:01 407959                     /usr/lib/jvm/java-7-oracle/jre/lib/amd64/libverify.so
7f22a12c0000-7f22a12c7000 r-xp 00000000 b3:01 581733                     /lib/x86_64-linux-gnu/librt-2.23.so
7f22a12c7000-7f22a14c6000 ---p 00007000 b3:01 581733                     /lib/x86_64-linux-gnu/librt-2.23.so
7f22a14c6000-7f22a14c7000 r--p 00006000 b3:01 581733                     /lib/x86_64-linux-gnu/librt-2.23.so
7f22a14c7000-7f22a14c8000 rw-p 00007000 b3:01 581733                     /lib/x86_64-linux-gnu/librt-2.23.so
7f22a14c8000-7f22a15d0000 r-xp 00000000 b3:01 581753                     /lib/x86_64-linux-gnu/libm-2.23.so
7f22a15d0000-7f22a17cf000 ---p 00108000 b3:01 581753                     /lib/x86_64-linux-gnu/libm-2.23.so
7f22a17cf000-7f22a17d0000 r--p 00107000 b3:01 581753                     /lib/x86_64-linux-gnu/libm-2.23.so
7f22a17d0000-7f22a17d1000 rw-p 00108000 b3:01 581753                     /lib/x86_64-linux-gnu/libm-2.23.so
7f22a17d1000-7f22a2347000 r-xp 00000000 b3:01 407987                     /usr/lib/jvm/java-7-oracle/jre/lib/amd64/server/libjvm.so
7f22a2347000-7f22a2546000 ---p 00b76000 b3:01 407987                     /usr/lib/jvm/java-7-oracle/jre/lib/amd64/server/libjvm.so
7f22a2546000-7f22a260a000 rw-p 00b75000 b3:01 407987                     /usr/lib/jvm/java-7-oracle/jre/lib/amd64/server/libjvm.so
7f22a260a000-7f22a264b000 rw-p 00000000 00:00 0 
7f22a264b000-7f22a280a000 r-xp 00000000 b3:01 581743                     /lib/x86_64-linux-gnu/libc-2.23.so
7f22a280a000-7f22a2a0a000 ---p 001bf000 b3:01 581743                     /lib/x86_64-linux-gnu/libc-2.23.so
7f22a2a0a000-7f22a2a0e000 r--p 001bf000 b3:01 581743                     /lib/x86_64-linux-gnu/libc-2.23.so
7f22a2a0e000-7f22a2a10000 rw-p 001c3000 b3:01 581743                     /lib/x86_64-linux-gnu/libc-2.23.so
7f22a2a10000-7f22a2a14000 rw-p 00000000 00:00 0 
7f22a2a14000-7f22a2a17000 r-xp 00000000 b3:01 581741                     /lib/x86_64-linux-gnu/libdl-2.23.so
7f22a2a17000-7f22a2c16000 ---p 00003000 b3:01 581741                     /lib/x86_64-linux-gnu/libdl-2.23.so
7f22a2c16000-7f22a2c17000 r--p 00002000 b3:01 581741                     /lib/x86_64-linux-gnu/libdl-2.23.so
7f22a2c17000-7f22a2c18000 rw-p 00003000 b3:01 581741                     /lib/x86_64-linux-gnu/libdl-2.23.so
7f22a2c18000-7f22a2c2d000 r-xp 00000000 b3:01 408537                     /usr/lib/jvm/java-7-oracle/lib/amd64/jli/libjli.so
7f22a2c2d000-7f22a2e2c000 ---p 00015000 b3:01 408537                     /usr/lib/jvm/java-7-oracle/lib/amd64/jli/libjli.so
7f22a2e2c000-7f22a2e2d000 rw-p 00014000 b3:01 408537                     /usr/lib/jvm/java-7-oracle/lib/amd64/jli/libjli.so
7f22a2e2d000-7f22a2e45000 r-xp 00000000 b3:01 581755                     /lib/x86_64-linux-gnu/libpthread-2.23.so
7f22a2e45000-7f22a3044000 ---p 00018000 b3:01 581755                     /lib/x86_64-linux-gnu/libpthread-2.23.so
7f22a3044000-7f22a3045000 r--p 00017000 b3:01 581755                     /lib/x86_64-linux-gnu/libpthread-2.23.so
7f22a3045000-7f22a3046000 rw-p 00018000 b3:01 581755                     /lib/x86_64-linux-gnu/libpthread-2.23.so
7f22a3046000-7f22a304a000 rw-p 00000000 00:00 0 
7f22a304a000-7f22a3070000 r-xp 00000000 b3:01 581721                     /lib/x86_64-linux-gnu/ld-2.23.so
7f22a3070000-7f22a3071000 r--s 0000a000 b3:01 2456                       /home/walt/Desktop/workspac/Grumy/lib/LibraryJavaSound.jar
7f22a3071000-7f22a3073000 r--s 00020000 b3:01 66329                      /home/walt/Desktop/workspac/Grumy/lib/CodecJOgg/CodecJOgg.jar
7f22a3073000-7f22a3074000 r--s 00005000 b3:01 64777                      /home/walt/Desktop/workspac/Grumy/lib/LibraryLWJGLOpenAL.jar
7f22a3074000-7f22a3078000 r--s 00027000 b3:01 67641                      /home/walt/Desktop/workspac/Grumy/lib/lwjgl/jar/lwjgl_util.jar
7f22a3078000-7f22a3087000 r--s 000f3000 b3:01 67643                      /home/walt/Desktop/workspac/Grumy/lib/lwjgl/jar/lwjgl.jar
7f22a3087000-7f22a309d000 rw-p 00000000 00:00 0 
7f22a309d000-7f22a3153000 rw-p 00000000 00:00 0 
7f22a3153000-7f22a3156000 ---p 00000000 00:00 0 
7f22a3156000-7f22a3258000 rw-p 00000000 00:00 0                          [stack:15434]
7f22a3258000-7f22a3259000 r--s 00023000 b3:01 2350                       /home/walt/Desktop/workspac/Grumy/lib/SoundSystem.jar
7f22a3259000-7f22a325b000 r--s 00006000 b3:01 32059                      /home/walt/Desktop/workspac/Grumy/lib/nbt.com.evilco.mc-1.1-SNAPSHOT.jar
7f22a325b000-7f22a325f000 r--s 000f7000 b3:01 408486                     /usr/lib/jvm/java-7-oracle/jre/lib/ext/localedata.jar
7f22a325f000-7f22a3263000 r--s 0008b000 b3:01 407917                     /usr/lib/jvm/java-7-oracle/jre/lib/jsse.jar
7f22a3263000-7f22a326b000 rw-s 00000000 00:0d 220190                     /tmp/hsperfdata_walt/15429
7f22a326b000-7f22a326c000 rw-p 00000000 00:00 0 
7f22a326c000-7f22a326d000 r--p 00000000 00:00 0 
7f22a326d000-7f22a326f000 rw-p 00000000 00:00 0 
7f22a326f000-7f22a3270000 r--p 00025000 b3:01 581721                     /lib/x86_64-linux-gnu/ld-2.23.so
7f22a3270000-7f22a3271000 rw-p 00026000 b3:01 581721                     /lib/x86_64-linux-gnu/ld-2.23.so
7f22a3271000-7f22a3272000 rw-p 00000000 00:00 0 
7fffb99b5000-7fffb99d6000 rw-p 00000000 00:00 0                          [stack]
7fffb99f1000-7fffb99f3000 r-xp 00000000 00:00 0                          [vdso]
ffffffffff600000-ffffffffff601000 r-xp 00000000 00:00 0                  [vsyscall]

VM Arguments:
jvm_args: -Dfile.encoding=ANSI_X3.4-1968 
java_command: org.plexian.grumy.launcher.Launcher
Launcher Type: SUN_STANDARD

Environment Variables:
JAVA_HOME=/usr/lib/jvm/java-8-oracle
PATH=/home/walt/bin:/home/walt/.local/bin:/usr/local/bin:/usr/bin:/bin:/usr/local/games:/usr/games:/usr/lib/jvm/java-8-oracle/bin:/usr/lib/jvm/java-8-oracle/db/bin:/usr/lib/jvm/java-8-oracle/jre/bin:/sbin
SHELL=/bin/bash
DISPLAY=:1

Signal Handlers:
SIGSEGV: [libjvm.so+0x9a3b20], sa_mask[0]=0x7ffbfeff, sa_flags=0x10000004
SIGBUS: [libjvm.so+0x9a3b20], sa_mask[0]=0x7ffbfeff, sa_flags=0x10000004
SIGFPE: [libjvm.so+0x81e740], sa_mask[0]=0x7ffbfeff, sa_flags=0x10000004
SIGPIPE: [libjvm.so+0x81e740], sa_mask[0]=0x7ffbfeff, sa_flags=0x10000004
SIGXFSZ: [libjvm.so+0x81e740], sa_mask[0]=0x7ffbfeff, sa_flags=0x10000004
SIGILL: [libjvm.so+0x81e740], sa_mask[0]=0x7ffbfeff, sa_flags=0x10000004
SIGUSR1: SIG_DFL, sa_mask[0]=0x00000000, sa_flags=0x00000000
SIGUSR2: [libjvm.so+0x81ffb0], sa_mask[0]=0x00000004, sa_flags=0x10000004
SIGHUP: [libjvm.so+0x8210d0], sa_mask[0]=0x7ffbfeff, sa_flags=0x10000004
SIGINT: [libjvm.so+0x8210d0], sa_mask[0]=0x7ffbfeff, sa_flags=0x10000004
SIGTERM: [libjvm.so+0x8210d0], sa_mask[0]=0x7ffbfeff, sa_flags=0x10000004
SIGQUIT: [libjvm.so+0x8210d0], sa_mask[0]=0x7ffbfeff, sa_flags=0x10000004


---------------  S Y S T E M  ---------------

OS:stretch/sid

uname:Linux 3.10.18 #1 SMP Tue Nov 15 18:19:03 PST 2016 x86_64
libc:glibc 2.23 NPTL 2.23 
rlimit: STACK 8192k, CORE 0k, NPROC 15334, NOFILE 4096, AS infinity
load average:1.35 1.91 1.86

/proc/meminfo:
MemTotal:        1966756 kB
MemFree:          349660 kB
Buffers:            5840 kB
Cached:           264596 kB
SwapCached:       282300 kB
Active:           925584 kB
Inactive:         305116 kB
Active(anon):     885412 kB
Inactive(anon):   203928 kB
Active(file):      40172 kB
Inactive(file):   101188 kB
Unevictable:          16 kB
Mlocked:              16 kB
SwapTotal:       2880988 kB
SwapFree:        2086356 kB
Dirty:             29564 kB
Writeback:             0 kB
AnonPages:        959864 kB
Mapped:            57652 kB
Shmem:            129028 kB
Slab:              59984 kB
SReclaimable:      33036 kB
SUnreclaim:        26948 kB
KernelStack:        4096 kB
PageTables:        19040 kB
NFS_Unstable:          0 kB
Bounce:                0 kB
WritebackTmp:          0 kB
CommitLimit:     3864364 kB
Committed_AS:    4092856 kB
VmallocTotal:   34359738367 kB
VmallocUsed:      561344 kB
VmallocChunk:   34359170428 kB
AnonHugePages:         0 kB
DirectMap4k:       52664 kB
DirectMap2M:     1959936 kB


CPU:total 2 (2 cores per cpu, 1 threads per core) family 6 model 55 stepping 8, cmov, cx8, fxsr, mmx, sse, sse2, sse3, ssse3, sse4.1, sse4.2, popcnt, erms, tsc, tscinvbit

/proc/cpuinfo:
processor	: 0
vendor_id	: GenuineIntel
cpu family	: 6
model		: 55
model name	: Intel(R) Celeron(R) CPU  N2840  @ 2.16GHz
stepping	: 8
microcode	: 0x829
cpu MHz		: 2593.545
cache size	: 1024 KB
physical id	: 0
siblings	: 2
core id		: 0
cpu cores	: 2
apicid		: 0
initial apicid	: 0
fpu		: yes
fpu_exception	: yes
cpuid level	: 11
wp		: yes
flags		: fpu vme de pse tsc msr pae mce cx8 apic sep mtrr pge mca cmov pat pse36 clflush dts acpi mmx fxsr sse sse2 ss ht tm pbe syscall nx rdtscp lm constant_tsc arch_perfmon pebs bts rep_good nopl xtopology nonstop_tsc aperfmperf pni pclmulqdq dtes64 monitor ds_cpl vmx est tm2 ssse3 cx16 xtpr pdcm sse4_1 sse4_2 movbe popcnt tsc_deadline_timer rdrand lahf_lm 3dnowprefetch ida arat epb dtherm tpr_shadow vnmi flexpriority ept vpid tsc_adjust smep erms
bogomips	: 4333.50
clflush size	: 64
cache_alignment	: 64
address sizes	: 36 bits physical, 48 bits virtual
power management:

processor	: 1
vendor_id	: GenuineIntel
cpu family	: 6
model		: 55
model name	: Intel(R) Celeron(R) CPU  N2840  @ 2.16GHz
stepping	: 8
microcode	: 0x829
cpu MHz		: 2593.545
cache size	: 1024 KB
physical id	: 0
siblings	: 2
core id		: 1
cpu cores	: 2
apicid		: 2
initial apicid	: 2
fpu		: yes
fpu_exception	: yes
cpuid level	: 11
wp		: yes
flags		: fpu vme de pse tsc msr pae mce cx8 apic sep mtrr pge mca cmov pat pse36 clflush dts acpi mmx fxsr sse sse2 ss ht tm pbe syscall nx rdtscp lm constant_tsc arch_perfmon pebs bts rep_good nopl xtopology nonstop_tsc aperfmperf pni pclmulqdq dtes64 monitor ds_cpl vmx est tm2 ssse3 cx16 xtpr pdcm sse4_1 sse4_2 movbe popcnt tsc_deadline_timer rdrand lahf_lm 3dnowprefetch ida arat epb dtherm tpr_shadow vnmi flexpriority ept vpid tsc_adjust smep erms
bogomips	: 4333.50
clflush size	: 64
cache_alignment	: 64
address sizes	: 36 bits physical, 48 bits virtual
power management:



Memory: 4k page, physical 1966756k(349832k free), swap 2880988k(2088736k free)

vm_info: Java HotSpot(TM) 64-Bit Server VM (24.80-b11) for linux-amd64 JRE (1.7.0_80-b15), built on Apr 10 2015 19:53:14 by "java_re" with gcc 4.3.0 20080428 (Red Hat 4.3.0-8)

time: Wed Dec 14 20:50:41 2016
elapsed time: 39 seconds

